Using pre-set license
Built from '2020.3/staging' branch; Version is '2020.3.11f1 (99c7afb366b3) revision 10078127'; Using compiler version '192528614'; Build Type 'Release'
OS: 'Windows 10 Pro; OS build 19042.1052; Version 2009; 64bit' Language: 'en' Physical Memory: 8067 MB
BatchMode: 1, IsHumanControllingUs: 0, StartBugReporterOnCrash: 0, Is64bit: 1, IsPro: 0

 COMMAND LINE ARGUMENTS:
D:\2020.3.11f1\Editor\Unity.exe
-adb2
-batchMode
-noUpm
-name
AssetImportWorker0
-projectPath
D:/unity/Projec/New Unity Project
-logFile
Logs/AssetImportWorker0.log
-srvPort
61761
Successfully changed project path to: D:/unity/Projec/New Unity Project
D:/unity/Projec/New Unity Project
Using Asset Import Pipeline V2.
Refreshing native plugins compatible for Editor in 26.17 ms, found 2 plugins.
Preloading 0 native plugins for Editor in 0.00 ms.
Initialize engine version: 2020.3.11f1 (99c7afb366b3)
[Subsystems] Discovering subsystems at path D:/2020.3.11f1/Editor/Data/Resources/UnitySubsystems
[Subsystems] Discovering subsystems at path D:/unity/Projec/New Unity Project/Assets
GfxDevice: creating device client; threaded=0
Direct3D:
    Version:  Direct3D 11.0 [level 11.1]
    Renderer: NVIDIA GeForce MX150 (ID=0x1d10)
    Vendor:   
    VRAM:     1983 MB
    Driver:   27.21.14.6079
Initialize mono
Mono path[0] = 'D:/2020.3.11f1/Editor/Data/Managed'
Mono path[1] = 'D:/2020.3.11f1/Editor/Data/MonoBleedingEdge/lib/mono/unityjit'
Mono config path = 'D:/2020.3.11f1/Editor/Data/MonoBleedingEdge/etc'
Using monoOptions --debugger-agent=transport=dt_socket,embedding=1,server=y,suspend=n,address=127.0.0.1:56824
Begin MonoManager ReloadAssembly
Registering precompiled unity dll's ...
Register platform support module: D:/2020.3.11f1/Editor/Data/PlaybackEngines/WebGLSupport/UnityEditor.WebGL.Extensions.dll
Register platform support module: D:/2020.3.11f1/Editor/Data/PlaybackEngines/WindowsStandaloneSupport/UnityEditor.WindowsStandalone.Extensions.dll
Registered in 0.001148 seconds.
Native extension for WindowsStandalone target not found
Native extension for WebGL target not found
Refreshing native plugins compatible for Editor in 25.46 ms, found 2 plugins.
Preloading 0 native plugins for Editor in 0.00 ms.
Mono: successfully reloaded assembly
- Completed reload, in  0.912 seconds
Platform modules already initialized, skipping
Registering precompiled user dll's ...
Registered in 0.002469 seconds.
Begin MonoManager ReloadAssembly
Native extension for WindowsStandalone target not found
Native extension for WebGL target not found
Refreshing native plugins compatible for Editor in 0.28 ms, found 2 plugins.
Preloading 0 native plugins for Editor in 0.00 ms.
Mono: successfully reloaded assembly
- Completed reload, in  0.956 seconds
Platform modules already initialized, skipping
========================================================================
Worker process is ready to serve import requests
Launched and connected shader compiler UnityShaderCompiler.exe after 0.05 seconds
Refreshing native plugins compatible for Editor in 0.28 ms, found 2 plugins.
Preloading 0 native plugins for Editor in 0.00 ms.
Unloading 1386 Unused Serialized files (Serialized files now loaded: 0)
System memory in use before: 64.7 MB.
System memory in use after: 64.7 MB.

Unloading 19 unused Assets to reduce memory usage. Loaded Objects now: 1819.
Total: 2.263100 ms (FindLiveObjects: 0.166400 ms CreateObjectMapping: 0.051200 ms MarkObjects: 1.958500 ms  DeleteObjects: 0.085300 ms)

========================================================================
Received Import Request.
  path: Assets/Scripts
  artifactKey: Guid(b268a2e9601a26c4dbcf4f29ef006762) Importer(815301076,1909f56bfc062723c751e8b465ee728b)
Start importing Assets/Scripts using Guid(b268a2e9601a26c4dbcf4f29ef006762) Importer(815301076,1909f56bfc062723c751e8b465ee728b)  -> (artifact id: '0b7c311b5b6b2808333f7fcf97f9b732') in 0.009794 seconds
  Import took 0.113777 seconds .

========================================================================
Received Import Request.
  Time since last request: 5.256421 seconds.
  path: Assets/Scripts/GameController.cs
  artifactKey: Guid(08f5ad9811644fa498d6429df3bc4040) Importer(815301076,1909f56bfc062723c751e8b465ee728b)
Start importing Assets/Scripts/GameController.cs using Guid(08f5ad9811644fa498d6429df3bc4040) Importer(815301076,1909f56bfc062723c751e8b465ee728b)  -> (artifact id: '76270f038eae64a787f2f6473ede21b6') in 0.338064 seconds
  Import took 0.356543 seconds .

========================================================================
Received Prepare
Registering precompiled user dll's ...
Registered in 0.002335 seconds.
Begin MonoManager ReloadAssembly
Native extension for WindowsStandalone target not found
Native extension for WebGL target not found
Refreshing native plugins compatible for Editor in 0.49 ms, found 2 plugins.
Preloading 0 native plugins for Editor in 0.00 ms.
Mono: successfully reloaded assembly
- Completed reload, in  0.997 seconds
Platform modules already initialized, skipping
Refreshing native plugins compatible for Editor in 0.36 ms, found 2 plugins.
Preloading 0 native plugins for Editor in 0.00 ms.
Unloading 1382 Unused Serialized files (Serialized files now loaded: 0)
System memory in use before: 64.6 MB.
System memory in use after: 64.7 MB.

Unloading 14 unused Assets to reduce memory usage. Loaded Objects now: 1823.
Total: 2.239500 ms (FindLiveObjects: 0.149900 ms CreateObjectMapping: 0.042600 ms MarkObjects: 1.993300 ms  DeleteObjects: 0.052200 ms)

========================================================================
Received Prepare
Registering precompiled user dll's ...
Registered in 0.002430 seconds.
Begin MonoManager ReloadAssembly
Native extension for WindowsStandalone target not found
Native extension for WebGL target not found
Refreshing native plugins compatible for Editor in 0.51 ms, found 2 plugins.
Preloading 0 native plugins for Editor in 0.00 ms.
Mono: successfully reloaded assembly
- Completed reload, in  1.001 seconds
Platform modules already initialized, skipping
Refreshing native plugins compatible for Editor in 0.58 ms, found 2 plugins.
Preloading 0 native plugins for Editor in 0.00 ms.
Unloading 1382 Unused Serialized files (Serialized files now loaded: 0)
System memory in use before: 64.6 MB.
System memory in use after: 64.7 MB.

Unloading 14 unused Assets to reduce memory usage. Loaded Objects now: 1826.
Total: 2.196600 ms (FindLiveObjects: 0.142000 ms CreateObjectMapping: 0.037900 ms MarkObjects: 1.970700 ms  DeleteObjects: 0.045000 ms)

========================================================================
Received Import Request.
  Time since last request: 177.260313 seconds.
  path: Assets/PreFab
  artifactKey: Guid(977ed32fb82eea64dae77486cf747723) Importer(815301076,1909f56bfc062723c751e8b465ee728b)
Start importing Assets/PreFab using Guid(977ed32fb82eea64dae77486cf747723) Importer(815301076,1909f56bfc062723c751e8b465ee728b)  -> (artifact id: '9670923003c7321e3fbef7898de19f12') in 0.008955 seconds
  Import took 0.036155 seconds .

========================================================================
Received Prepare
Registering precompiled user dll's ...
Registered in 0.003208 seconds.
Begin MonoManager ReloadAssembly
Native extension for WindowsStandalone target not found
Native extension for WebGL target not found
Refreshing native plugins compatible for Editor in 0.29 ms, found 2 plugins.
Preloading 0 native plugins for Editor in 0.00 ms.
Mono: successfully reloaded assembly
- Completed reload, in  0.944 seconds
Platform modules already initialized, skipping
Refreshing native plugins compatible for Editor in 0.30 ms, found 2 plugins.
Preloading 0 native plugins for Editor in 0.00 ms.
Unloading 1382 Unused Serialized files (Serialized files now loaded: 0)
System memory in use before: 64.7 MB.
System memory in use after: 64.7 MB.

Unloading 14 unused Assets to reduce memory usage. Loaded Objects now: 1829.
Total: 1.743500 ms (FindLiveObjects: 0.126200 ms CreateObjectMapping: 0.040000 ms MarkObjects: 1.536700 ms  DeleteObjects: 0.039800 ms)

========================================================================
Received Prepare
Registering precompiled user dll's ...
Registered in 0.002563 seconds.
Begin MonoManager ReloadAssembly
Native extension for WindowsStandalone target not found
Native extension for WebGL target not found
Refreshing native plugins compatible for Editor in 0.63 ms, found 2 plugins.
Preloading 0 native plugins for Editor in 0.00 ms.
Mono: successfully reloaded assembly
- Completed reload, in  1.211 seconds
Platform modules already initialized, skipping
Refreshing native plugins compatible for Editor in 0.35 ms, found 2 plugins.
Preloading 0 native plugins for Editor in 0.00 ms.
Unloading 1382 Unused Serialized files (Serialized files now loaded: 0)
System memory in use before: 64.7 MB.
System memory in use after: 64.8 MB.

Unloading 14 unused Assets to reduce memory usage. Loaded Objects now: 1832.
Total: 2.374600 ms (FindLiveObjects: 0.202300 ms CreateObjectMapping: 0.088600 ms MarkObjects: 2.027900 ms  DeleteObjects: 0.054300 ms)

========================================================================
Received Import Request.
  Time since last request: 165.124342 seconds.
  path: Assets/Ball.prefab
  artifactKey: Guid(04cc4ea6fe692a143b7aaee496277020) Importer(815301076,1909f56bfc062723c751e8b465ee728b)
Start importing Assets/Ball.prefab using Guid(04cc4ea6fe692a143b7aaee496277020) Importer(815301076,1909f56bfc062723c751e8b465ee728b)  -> (artifact id: 'e8db81feae021ef0b51e39016bb5f18d') in 0.249345 seconds
  Import took 0.252065 seconds .

========================================================================
Received Prepare
Registering precompiled user dll's ...
Registered in 0.002536 seconds.
Begin MonoManager ReloadAssembly
Native extension for WindowsStandalone target not found
Native extension for WebGL target not found
Refreshing native plugins compatible for Editor in 0.30 ms, found 2 plugins.
Preloading 0 native plugins for Editor in 0.00 ms.
Mono: successfully reloaded assembly
- Completed reload, in  0.834 seconds
Platform modules already initialized, skipping
Refreshing native plugins compatible for Editor in 0.39 ms, found 2 plugins.
Preloading 0 native plugins for Editor in 0.00 ms.
Unloading 1382 Unused Serialized files (Serialized files now loaded: 0)
System memory in use before: 67.8 MB.
System memory in use after: 67.9 MB.

Unloading 14 unused Assets to reduce memory usage. Loaded Objects now: 1843.
Total: 2.185800 ms (FindLiveObjects: 0.265100 ms CreateObjectMapping: 0.085800 ms MarkObjects: 1.779200 ms  DeleteObjects: 0.054500 ms)

========================================================================
Received Import Request.
  Time since last request: 75.873988 seconds.
  path: Assets/PreFab/Ball.prefab
  artifactKey: Guid(04cc4ea6fe692a143b7aaee496277020) Importer(815301076,1909f56bfc062723c751e8b465ee728b)
Start importing Assets/PreFab/Ball.prefab using Guid(04cc4ea6fe692a143b7aaee496277020) Importer(815301076,1909f56bfc062723c751e8b465ee728b)  -> (artifact id: '2c0edab7327d4c92236bbe2a0db9bc49') in 0.073495 seconds
  Import took 0.092181 seconds .

========================================================================
Received Prepare
Registering precompiled user dll's ...
Registered in 0.002344 seconds.
Begin MonoManager ReloadAssembly
Native extension for WindowsStandalone target not found
Native extension for WebGL target not found
Refreshing native plugins compatible for Editor in 0.28 ms, found 2 plugins.
Preloading 0 native plugins for Editor in 0.00 ms.
Mono: successfully reloaded assembly
- Completed reload, in  0.816 seconds
Platform modules already initialized, skipping
Refreshing native plugins compatible for Editor in 0.29 ms, found 2 plugins.
Preloading 0 native plugins for Editor in 0.00 ms.
Unloading 1382 Unused Serialized files (Serialized files now loaded: 0)
System memory in use before: 67.8 MB.
System memory in use after: 67.9 MB.

Unloading 14 unused Assets to reduce memory usage. Loaded Objects now: 1847.
Total: 1.823600 ms (FindLiveObjects: 0.153800 ms CreateObjectMapping: 0.041800 ms MarkObjects: 1.556400 ms  DeleteObjects: 0.070500 ms)

========================================================================
Received Prepare
Registering precompiled user dll's ...
Registered in 0.002521 seconds.
Begin MonoManager ReloadAssembly
Native extension for WindowsStandalone target not found
Native extension for WebGL target not found
Refreshing native plugins compatible for Editor in 0.29 ms, found 2 plugins.
Preloading 0 native plugins for Editor in 0.00 ms.
Mono: successfully reloaded assembly
- Completed reload, in  0.832 seconds
Platform modules already initialized, skipping
Refreshing native plugins compatible for Editor in 0.30 ms, found 2 plugins.
Preloading 0 native plugins for Editor in 0.00 ms.
Unloading 1382 Unused Serialized files (Serialized files now loaded: 0)
System memory in use before: 67.8 MB.
System memory in use after: 67.9 MB.

Unloading 14 unused Assets to reduce memory usage. Loaded Objects now: 1850.
Total: 2.138000 ms (FindLiveObjects: 0.140300 ms CreateObjectMapping: 0.037200 ms MarkObjects: 1.894300 ms  DeleteObjects: 0.065300 ms)

========================================================================
Received Import Request.
  Time since last request: 108.634225 seconds.
  path: Assets/PreFab/ball.prefab
  artifactKey: Guid(04cc4ea6fe692a143b7aaee496277020) Importer(815301076,1909f56bfc062723c751e8b465ee728b)
Start importing Assets/PreFab/ball.prefab using Guid(04cc4ea6fe692a143b7aaee496277020) Importer(815301076,1909f56bfc062723c751e8b465ee728b)  -> (artifact id: 'ef2deb8a0098870df1048cfde95409e7') in 0.063534 seconds
  Import took 0.092243 seconds .

========================================================================
Received Prepare
Registering precompiled user dll's ...
Registered in 0.002599 seconds.
Begin MonoManager ReloadAssembly
Native extension for WindowsStandalone target not found
Native extension for WebGL target not found
Refreshing native plugins compatible for Editor in 0.29 ms, found 2 plugins.
Preloading 0 native plugins for Editor in 0.00 ms.
Mono: successfully reloaded assembly
- Completed reload, in  1.002 seconds
Platform modules already initialized, skipping
Refreshing native plugins compatible for Editor in 0.30 ms, found 2 plugins.
Preloading 0 native plugins for Editor in 0.00 ms.
Unloading 1382 Unused Serialized files (Serialized files now loaded: 0)
System memory in use before: 67.8 MB.
System memory in use after: 67.9 MB.

Unloading 14 unused Assets to reduce memory usage. Loaded Objects now: 1854.
Total: 1.740800 ms (FindLiveObjects: 0.173900 ms CreateObjectMapping: 0.043100 ms MarkObjects: 1.456600 ms  DeleteObjects: 0.066400 ms)

========================================================================
Received Prepare
Registering precompiled user dll's ...
Registered in 0.002476 seconds.
Begin MonoManager ReloadAssembly
Native extension for WindowsStandalone target not found
Native extension for WebGL target not found
Refreshing native plugins compatible for Editor in 0.34 ms, found 2 plugins.
Preloading 0 native plugins for Editor in 0.00 ms.
Mono: successfully reloaded assembly
- Completed reload, in  0.834 seconds
Platform modules already initialized, skipping
Refreshing native plugins compatible for Editor in 0.29 ms, found 2 plugins.
Preloading 0 native plugins for Editor in 0.00 ms.
Unloading 1382 Unused Serialized files (Serialized files now loaded: 0)
System memory in use before: 67.9 MB.
System memory in use after: 67.9 MB.

Unloading 14 unused Assets to reduce memory usage. Loaded Objects now: 1857.
Total: 1.885700 ms (FindLiveObjects: 0.130200 ms CreateObjectMapping: 0.040300 ms MarkObjects: 1.645300 ms  DeleteObjects: 0.069100 ms)

========================================================================
Received Import Request.
  Time since last request: 252.480665 seconds.
  path: Assets/PreFab/ball.prefab
  artifactKey: Guid(04cc4ea6fe692a143b7aaee496277020) Importer(815301076,1909f56bfc062723c751e8b465ee728b)
Start importing Assets/PreFab/ball.prefab using Guid(04cc4ea6fe692a143b7aaee496277020) Importer(815301076,1909f56bfc062723c751e8b465ee728b)  -> (artifact id: '8efb8d623f264d415de6d862740a2210') in 0.108271 seconds
  Import took 0.111119 seconds .

========================================================================
Received Import Request.
  Time since last request: 14.710122 seconds.
  path: Assets/Scenes/SampleScene.unity
  artifactKey: Guid(9fc0d4010bbf28b4594072e72b8655ab) Importer(815301076,1909f56bfc062723c751e8b465ee728b)
Start importing Assets/Scenes/SampleScene.unity using Guid(9fc0d4010bbf28b4594072e72b8655ab) Importer(815301076,1909f56bfc062723c751e8b465ee728b)  -> (artifact id: '85059f4f9e1a832ed95adaa0d25c5c4c') in 0.007346 seconds
  Import took 0.009762 seconds .

========================================================================
Received Prepare
Registering precompiled user dll's ...
Registered in 0.002772 seconds.
Begin MonoManager ReloadAssembly
Native extension for WindowsStandalone target not found
Native extension for WebGL target not found
Refreshing native plugins compatible for Editor in 0.79 ms, found 2 plugins.
Preloading 0 native plugins for Editor in 0.00 ms.
Mono: successfully reloaded assembly
- Completed reload, in  0.873 seconds
Platform modules already initialized, skipping
Refreshing native plugins compatible for Editor in 0.30 ms, found 2 plugins.
Preloading 0 native plugins for Editor in 0.00 ms.
Unloading 1382 Unused Serialized files (Serialized files now loaded: 0)
System memory in use before: 67.9 MB.
System memory in use after: 68.0 MB.

Unloading 15 unused Assets to reduce memory usage. Loaded Objects now: 1861.
Total: 1.994600 ms (FindLiveObjects: 0.140200 ms CreateObjectMapping: 0.043000 ms MarkObjects: 1.762100 ms  DeleteObjects: 0.048500 ms)

========================================================================
Received Prepare
Registering precompiled user dll's ...
Registered in 0.002595 seconds.
Begin MonoManager ReloadAssembly
Native extension for WindowsStandalone target not found
Native extension for WebGL target not found
Refreshing native plugins compatible for Editor in 0.58 ms, found 2 plugins.
Preloading 0 native plugins for Editor in 0.00 ms.
Mono: successfully reloaded assembly
- Completed reload, in  1.012 seconds
Platform modules already initialized, skipping
Refreshing native plugins compatible for Editor in 0.31 ms, found 2 plugins.
Preloading 0 native plugins for Editor in 0.00 ms.
Unloading 1382 Unused Serialized files (Serialized files now loaded: 0)
System memory in use before: 67.9 MB.
System memory in use after: 68.0 MB.

Unloading 14 unused Assets to reduce memory usage. Loaded Objects now: 1864.
Total: 2.455200 ms (FindLiveObjects: 0.156700 ms CreateObjectMapping: 0.040500 ms MarkObjects: 2.187400 ms  DeleteObjects: 0.069300 ms)

========================================================================
Received Prepare
Registering precompiled user dll's ...
Registered in 0.007161 seconds.
Begin MonoManager ReloadAssembly
Native extension for WindowsStandalone target not found
Native extension for WebGL target not found
Refreshing native plugins compatible for Editor in 0.51 ms, found 2 plugins.
Preloading 0 native plugins for Editor in 0.00 ms.
Mono: successfully reloaded assembly
- Completed reload, in  1.904 seconds
Platform modules already initialized, skipping
Refreshing native plugins compatible for Editor in 0.53 ms, found 2 plugins.
Preloading 0 native plugins for Editor in 0.00 ms.
Unloading 1382 Unused Serialized files (Serialized files now loaded: 0)
System memory in use before: 67.9 MB.
System memory in use after: 68.0 MB.

Unloading 14 unused Assets to reduce memory usage. Loaded Objects now: 1867.
Total: 4.218100 ms (FindLiveObjects: 0.235100 ms CreateObjectMapping: 0.081500 ms MarkObjects: 3.808700 ms  DeleteObjects: 0.090500 ms)

========================================================================
Received Prepare
Registering precompiled user dll's ...
Registered in 0.002573 seconds.
Begin MonoManager ReloadAssembly
Native extension for WindowsStandalone target not found
Native extension for WebGL target not found
Refreshing native plugins compatible for Editor in 0.30 ms, found 2 plugins.
Preloading 0 native plugins for Editor in 0.00 ms.
Mono: successfully reloaded assembly
- Completed reload, in  0.918 seconds
Platform modules already initialized, skipping
Refreshing native plugins compatible for Editor in 0.30 ms, found 2 plugins.
Preloading 0 native plugins for Editor in 0.00 ms.
Unloading 1382 Unused Serialized files (Serialized files now loaded: 0)
System memory in use before: 67.9 MB.
System memory in use after: 68.0 MB.

Unloading 14 unused Assets to reduce memory usage. Loaded Objects now: 1870.
Total: 2.072200 ms (FindLiveObjects: 0.140500 ms CreateObjectMapping: 0.046600 ms MarkObjects: 1.836800 ms  DeleteObjects: 0.047500 ms)

========================================================================
Received Prepare
Registering precompiled user dll's ...
Registered in 0.003430 seconds.
Begin MonoManager ReloadAssembly
Native extension for WindowsStandalone target not found
Native extension for WebGL target not found
Refreshing native plugins compatible for Editor in 0.31 ms, found 2 plugins.
Preloading 0 native plugins for Editor in 0.00 ms.
Mono: successfully reloaded assembly
- Completed reload, in  1.170 seconds
Platform modules already initialized, skipping
Refreshing native plugins compatible for Editor in 0.31 ms, found 2 plugins.
Preloading 0 native plugins for Editor in 0.00 ms.
Unloading 1382 Unused Serialized files (Serialized files now loaded: 0)
System memory in use before: 67.9 MB.
System memory in use after: 68.0 MB.

Unloading 14 unused Assets to reduce memory usage. Loaded Objects now: 1873.
Total: 2.199100 ms (FindLiveObjects: 0.162700 ms CreateObjectMapping: 0.064800 ms MarkObjects: 1.928100 ms  DeleteObjects: 0.042500 ms)

========================================================================
Received Prepare
Registering precompiled user dll's ...
Registered in 0.002472 seconds.
Begin MonoManager ReloadAssembly
Native extension for WindowsStandalone target not found
Native extension for WebGL target not found
Refreshing native plugins compatible for Editor in 0.29 ms, found 2 plugins.
Preloading 0 native plugins for Editor in 0.00 ms.
Mono: successfully reloaded assembly
- Completed reload, in  0.885 seconds
Platform modules already initialized, skipping
Refreshing native plugins compatible for Editor in 0.29 ms, found 2 plugins.
Preloading 0 native plugins for Editor in 0.00 ms.
Unloading 1382 Unused Serialized files (Serialized files now loaded: 0)
System memory in use before: 67.9 MB.
System memory in use after: 68.0 MB.

Unloading 14 unused Assets to reduce memory usage. Loaded Objects now: 1876.
Total: 2.136100 ms (FindLiveObjects: 0.161100 ms CreateObjectMapping: 0.040900 ms MarkObjects: 1.847300 ms  DeleteObjects: 0.086000 ms)

========================================================================
Received Prepare
Registering precompiled user dll's ...
Registered in 0.007145 seconds.
Begin MonoManager ReloadAssembly
Native extension for WindowsStandalone target not found
Native extension for WebGL target not found
Refreshing native plugins compatible for Editor in 0.57 ms, found 2 plugins.
Preloading 0 native plugins for Editor in 0.00 ms.
Mono: successfully reloaded assembly
- Completed reload, in  1.916 seconds
Platform modules already initialized, skipping
Refreshing native plugins compatible for Editor in 0.49 ms, found 2 plugins.
Preloading 0 native plugins for Editor in 0.00 ms.
Unloading 1382 Unused Serialized files (Serialized files now loaded: 0)
System memory in use before: 67.9 MB.
System memory in use after: 68.0 MB.

Unloading 14 unused Assets to reduce memory usage. Loaded Objects now: 1879.
Total: 4.142700 ms (FindLiveObjects: 0.271900 ms CreateObjectMapping: 0.085300 ms MarkObjects: 3.643200 ms  DeleteObjects: 0.139600 ms)

========================================================================
Received Prepare
Registering precompiled user dll's ...
Registered in 0.005081 seconds.
Begin MonoManager ReloadAssembly
Native extension for WindowsStandalone target not found
Native extension for WebGL target not found
Refreshing native plugins compatible for Editor in 0.73 ms, found 2 plugins.
Preloading 0 native plugins for Editor in 0.00 ms.
Mono: successfully reloaded assembly
- Completed reload, in  2.571 seconds
Platform modules already initialized, skipping
Refreshing native plugins compatible for Editor in 0.56 ms, found 2 plugins.
Preloading 0 native plugins for Editor in 0.00 ms.
Unloading 1382 Unused Serialized files (Serialized files now loaded: 0)
System memory in use before: 67.9 MB.
System memory in use after: 68.0 MB.

Unloading 14 unused Assets to reduce memory usage. Loaded Objects now: 1882.
Total: 5.191900 ms (FindLiveObjects: 0.295300 ms CreateObjectMapping: 0.191900 ms MarkObjects: 4.578300 ms  DeleteObjects: 0.121800 ms)

========================================================================
Received Prepare
Registering precompiled user dll's ...
Registered in 0.005918 seconds.
Begin MonoManager ReloadAssembly
Native extension for WindowsStandalone target not found
Native extension for WebGL target not found
Refreshing native plugins compatible for Editor in 0.67 ms, found 2 plugins.
Preloading 0 native plugins for Editor in 0.00 ms.
Mono: successfully reloaded assembly
- Completed reload, in  2.188 seconds
Platform modules already initialized, skipping
Refreshing native plugins compatible for Editor in 0.58 ms, found 2 plugins.
Preloading 0 native plugins for Editor in 0.00 ms.
Unloading 1382 Unused Serialized files (Serialized files now loaded: 0)
System memory in use before: 67.9 MB.
System memory in use after: 68.0 MB.

Unloading 14 unused Assets to reduce memory usage. Loaded Objects now: 1885.
Total: 3.495100 ms (FindLiveObjects: 0.293500 ms CreateObjectMapping: 0.091400 ms MarkObjects: 2.990800 ms  DeleteObjects: 0.117200 ms)

========================================================================
Received Import Request.
  Time since last request: 31103.728161 seconds.
  path: Assets/Scripts/ballcontroller.cs
  artifactKey: Guid(4bda58d61f8941449bd0582596d420fa) Importer(815301076,1909f56bfc062723c751e8b465ee728b)
Start importing Assets/Scripts/ballcontroller.cs using Guid(4bda58d61f8941449bd0582596d420fa) Importer(815301076,1909f56bfc062723c751e8b465ee728b)  -> (artifact id: 'a2b0c1a4f64443c8b3b8fe81c349fdb7') in 0.015045 seconds
  Import took 0.046206 seconds .

========================================================================
Received Prepare
Registering precompiled user dll's ...
Registered in 0.005111 seconds.
Begin MonoManager ReloadAssembly
Native extension for WindowsStandalone target not found
Native extension for WebGL target not found
Refreshing native plugins compatible for Editor in 0.50 ms, found 2 plugins.
Preloading 0 native plugins for Editor in 0.00 ms.
Mono: successfully reloaded assembly
- Completed reload, in  1.946 seconds
Platform modules already initialized, skipping
Refreshing native plugins compatible for Editor in 0.48 ms, found 2 plugins.
Preloading 0 native plugins for Editor in 0.00 ms.
Unloading 1383 Unused Serialized files (Serialized files now loaded: 0)
System memory in use before: 67.9 MB.
System memory in use after: 68.0 MB.

Unloading 14 unused Assets to reduce memory usage. Loaded Objects now: 1889.
Total: 3.439800 ms (FindLiveObjects: 0.253500 ms CreateObjectMapping: 0.077500 ms MarkObjects: 3.022600 ms  DeleteObjects: 0.084300 ms)

========================================================================
Received Import Request.
  Time since last request: 28.413191 seconds.
  path: Assets/PreFab/ball.prefab
  artifactKey: Guid(04cc4ea6fe692a143b7aaee496277020) Importer(815301076,1909f56bfc062723c751e8b465ee728b)
Start importing Assets/PreFab/ball.prefab using Guid(04cc4ea6fe692a143b7aaee496277020) Importer(815301076,1909f56bfc062723c751e8b465ee728b)  -> (artifact id: 'c077c288e248933f14ae7d9610989eab') in 0.146465 seconds
  Import took 0.167691 seconds .

========================================================================
Received Prepare
Registering precompiled user dll's ...
Registered in 0.002625 seconds.
Begin MonoManager ReloadAssembly
Native extension for WindowsStandalone target not found
Native extension for WebGL target not found
Refreshing native plugins compatible for Editor in 0.34 ms, found 2 plugins.
Preloading 0 native plugins for Editor in 0.00 ms.
Mono: successfully reloaded assembly
- Completed reload, in  1.002 seconds
Platform modules already initialized, skipping
Refreshing native plugins compatible for Editor in 0.30 ms, found 2 plugins.
Preloading 0 native plugins for Editor in 0.00 ms.
Unloading 1383 Unused Serialized files (Serialized files now loaded: 0)
System memory in use before: 68.0 MB.
System memory in use after: 68.0 MB.

Unloading 15 unused Assets to reduce memory usage. Loaded Objects now: 1893.
Total: 1.974900 ms (FindLiveObjects: 0.156700 ms CreateObjectMapping: 0.047300 ms MarkObjects: 1.720000 ms  DeleteObjects: 0.049900 ms)

========================================================================
Received Prepare
Registering precompiled user dll's ...
Registered in 0.002807 seconds.
Begin MonoManager ReloadAssembly
Native extension for WindowsStandalone target not found
Native extension for WebGL target not found
Refreshing native plugins compatible for Editor in 0.44 ms, found 2 plugins.
Preloading 0 native plugins for Editor in 0.00 ms.
Mono: successfully reloaded assembly
- Completed reload, in  0.903 seconds
Platform modules already initialized, skipping
Refreshing native plugins compatible for Editor in 0.32 ms, found 2 plugins.
Preloading 0 native plugins for Editor in 0.00 ms.
Unloading 1383 Unused Serialized files (Serialized files now loaded: 0)
System memory in use before: 68.0 MB.
System memory in use after: 68.0 MB.

Unloading 14 unused Assets to reduce memory usage. Loaded Objects now: 1896.
Total: 2.215300 ms (FindLiveObjects: 0.216700 ms CreateObjectMapping: 0.057600 ms MarkObjects: 1.870400 ms  DeleteObjects: 0.069800 ms)

========================================================================
Received Import Request.
  Time since last request: 202.306209 seconds.
  path: Assets/Scripts/GameController.cs
  artifactKey: Guid(08f5ad9811644fa498d6429df3bc4040) Importer(815301076,1909f56bfc062723c751e8b465ee728b)
Start importing Assets/Scripts/GameController.cs using Guid(08f5ad9811644fa498d6429df3bc4040) Importer(815301076,1909f56bfc062723c751e8b465ee728b)  -> (artifact id: '984044461ea2939833942e6d20921854') in 0.029264 seconds
  Import took 0.038871 seconds .

========================================================================
Received Prepare
Registering precompiled user dll's ...
Registered in 0.002619 seconds.
Begin MonoManager ReloadAssembly
Native extension for WindowsStandalone target not found
Native extension for WebGL target not found
Refreshing native plugins compatible for Editor in 0.29 ms, found 2 plugins.
Preloading 0 native plugins for Editor in 0.00 ms.
Mono: successfully reloaded assembly
- Completed reload, in  0.902 seconds
Platform modules already initialized, skipping
Refreshing native plugins compatible for Editor in 0.30 ms, found 2 plugins.
Preloading 0 native plugins for Editor in 0.00 ms.
Unloading 1383 Unused Serialized files (Serialized files now loaded: 0)
System memory in use before: 68.0 MB.
System memory in use after: 68.0 MB.

Unloading 14 unused Assets to reduce memory usage. Loaded Objects now: 1899.
Total: 2.356300 ms (FindLiveObjects: 0.160700 ms CreateObjectMapping: 0.051600 ms MarkObjects: 2.089000 ms  DeleteObjects: 0.054300 ms)

========================================================================
Received Prepare
Registering precompiled user dll's ...
Registered in 0.003081 seconds.
Begin MonoManager ReloadAssembly
Native extension for WindowsStandalone target not found
Native extension for WebGL target not found
Refreshing native plugins compatible for Editor in 0.53 ms, found 2 plugins.
Preloading 0 native plugins for Editor in 0.00 ms.
Mono: successfully reloaded assembly
- Completed reload, in  1.702 seconds
Platform modules already initialized, skipping
Refreshing native plugins compatible for Editor in 0.56 ms, found 2 plugins.
Preloading 0 native plugins for Editor in 0.00 ms.
Unloading 1383 Unused Serialized files (Serialized files now loaded: 0)
System memory in use before: 68.0 MB.
System memory in use after: 68.1 MB.

Unloading 14 unused Assets to reduce memory usage. Loaded Objects now: 1902.
Total: 3.740300 ms (FindLiveObjects: 0.248200 ms CreateObjectMapping: 0.077100 ms MarkObjects: 3.333500 ms  DeleteObjects: 0.079800 ms)

========================================================================
Received Prepare
Registering precompiled user dll's ...
Registered in 0.002490 seconds.
Begin MonoManager ReloadAssembly
Native extension for WindowsStandalone target not found
Native extension for WebGL target not found
Refreshing native plugins compatible for Editor in 0.35 ms, found 2 plugins.
Preloading 0 native plugins for Editor in 0.00 ms.
Mono: successfully reloaded assembly
- Completed reload, in  0.915 seconds
Platform modules already initialized, skipping
Refreshing native plugins compatible for Editor in 0.28 ms, found 2 plugins.
Preloading 0 native plugins for Editor in 0.00 ms.
Unloading 1383 Unused Serialized files (Serialized files now loaded: 0)
System memory in use before: 68.0 MB.
System memory in use after: 68.1 MB.

Unloading 14 unused Assets to reduce memory usage. Loaded Objects now: 1905.
Total: 2.028700 ms (FindLiveObjects: 0.148600 ms CreateObjectMapping: 0.035300 ms MarkObjects: 1.772200 ms  DeleteObjects: 0.071600 ms)

========================================================================
Received Prepare
Registering precompiled user dll's ...
Registered in 0.002530 seconds.
Begin MonoManager ReloadAssembly
Native extension for WindowsStandalone target not found
Native extension for WebGL target not found
Refreshing native plugins compatible for Editor in 0.46 ms, found 2 plugins.
Preloading 0 native plugins for Editor in 0.00 ms.
Mono: successfully reloaded assembly
- Completed reload, in  1.064 seconds
Platform modules already initialized, skipping
Refreshing native plugins compatible for Editor in 0.30 ms, found 2 plugins.
Preloading 0 native plugins for Editor in 0.00 ms.
Unloading 1383 Unused Serialized files (Serialized files now loaded: 0)
System memory in use before: 68.0 MB.
System memory in use after: 68.1 MB.

Unloading 14 unused Assets to reduce memory usage. Loaded Objects now: 1908.
Total: 2.196300 ms (FindLiveObjects: 0.222000 ms CreateObjectMapping: 0.097300 ms MarkObjects: 1.821600 ms  DeleteObjects: 0.053800 ms)

========================================================================
Received Prepare
Registering precompiled user dll's ...
Registered in 0.006350 seconds.
Begin MonoManager ReloadAssembly
Native extension for WindowsStandalone target not found
Native extension for WebGL target not found
Refreshing native plugins compatible for Editor in 0.57 ms, found 2 plugins.
Preloading 0 native plugins for Editor in 0.00 ms.
Mono: successfully reloaded assembly
- Completed reload, in  2.086 seconds
Platform modules already initialized, skipping
Refreshing native plugins compatible for Editor in 3.22 ms, found 2 plugins.
Preloading 0 native plugins for Editor in 0.00 ms.
Unloading 1383 Unused Serialized files (Serialized files now loaded: 0)
System memory in use before: 68.0 MB.
System memory in use after: 68.1 MB.

Unloading 14 unused Assets to reduce memory usage. Loaded Objects now: 1911.
Total: 4.616400 ms (FindLiveObjects: 0.364500 ms CreateObjectMapping: 0.134800 ms MarkObjects: 3.981500 ms  DeleteObjects: 0.132700 ms)

========================================================================
Received Import Request.
  Time since last request: 735.825537 seconds.
  path: Assets/Scripts/GameController.cs
  artifactKey: Guid(08f5ad9811644fa498d6429df3bc4040) Importer(815301076,1909f56bfc062723c751e8b465ee728b)
Start importing Assets/Scripts/GameController.cs using Guid(08f5ad9811644fa498d6429df3bc4040) Importer(815301076,1909f56bfc062723c751e8b465ee728b)  -> (artifact id: '5ac50e6bc45352643c93d9d16dfb8fd6') in 0.007393 seconds
  Import took 0.119366 seconds .

========================================================================
Received Prepare
Registering precompiled user dll's ...
Registered in 0.002563 seconds.
Begin MonoManager ReloadAssembly
Native extension for WindowsStandalone target not found
Native extension for WebGL target not found
Refreshing native plugins compatible for Editor in 0.31 ms, found 2 plugins.
Preloading 0 native plugins for Editor in 0.00 ms.
Mono: successfully reloaded assembly
- Completed reload, in  0.918 seconds
Platform modules already initialized, skipping
Refreshing native plugins compatible for Editor in 0.31 ms, found 2 plugins.
Preloading 0 native plugins for Editor in 0.00 ms.
Unloading 1383 Unused Serialized files (Serialized files now loaded: 0)
System memory in use before: 68.0 MB.
System memory in use after: 68.1 MB.

Unloading 14 unused Assets to reduce memory usage. Loaded Objects now: 1914.
Total: 2.046700 ms (FindLiveObjects: 0.180800 ms CreateObjectMapping: 0.045000 ms MarkObjects: 1.766200 ms  DeleteObjects: 0.053900 ms)

========================================================================
Received Import Request.
  Time since last request: 312.088377 seconds.
  path: Assets/Scripts/GameController.cs
  artifactKey: Guid(08f5ad9811644fa498d6429df3bc4040) Importer(815301076,1909f56bfc062723c751e8b465ee728b)
Start importing Assets/Scripts/GameController.cs using Guid(08f5ad9811644fa498d6429df3bc4040) Importer(815301076,1909f56bfc062723c751e8b465ee728b)  -> (artifact id: '71e9533de700034c7389a9708446453b') in 0.003937 seconds
  Import took 0.122886 seconds .

========================================================================
Received Prepare
Registering precompiled user dll's ...
Registered in 0.002553 seconds.
Begin MonoManager ReloadAssembly
Native extension for WindowsStandalone target not found
Native extension for WebGL target not found
Refreshing native plugins compatible for Editor in 0.30 ms, found 2 plugins.
Preloading 0 native plugins for Editor in 0.00 ms.
Mono: successfully reloaded assembly
- Completed reload, in  0.874 seconds
Platform modules already initialized, skipping
Refreshing native plugins compatible for Editor in 0.36 ms, found 2 plugins.
Preloading 0 native plugins for Editor in 0.00 ms.
Unloading 1383 Unused Serialized files (Serialized files now loaded: 0)
System memory in use before: 68.0 MB.
System memory in use after: 68.1 MB.

Unloading 14 unused Assets to reduce memory usage. Loaded Objects now: 1917.
Total: 2.211700 ms (FindLiveObjects: 0.145000 ms CreateObjectMapping: 0.042100 ms MarkObjects: 1.973100 ms  DeleteObjects: 0.050200 ms)

========================================================================
Received Prepare
Registering precompiled user dll's ...
Registered in 0.005241 seconds.
Begin MonoManager ReloadAssembly
Native extension for WindowsStandalone target not found
Native extension for WebGL target not found
Refreshing native plugins compatible for Editor in 0.52 ms, found 2 plugins.
Preloading 0 native plugins for Editor in 0.00 ms.
Mono: successfully reloaded assembly
- Completed reload, in  1.735 seconds
Platform modules already initialized, skipping
Refreshing native plugins compatible for Editor in 0.32 ms, found 2 plugins.
Preloading 0 native plugins for Editor in 0.00 ms.
Unloading 1383 Unused Serialized files (Serialized files now loaded: 0)
System memory in use before: 68.0 MB.
System memory in use after: 68.1 MB.

Unloading 14 unused Assets to reduce memory usage. Loaded Objects now: 1920.
Total: 1.948600 ms (FindLiveObjects: 0.150300 ms CreateObjectMapping: 0.046100 ms MarkObjects: 1.646900 ms  DeleteObjects: 0.104500 ms)

========================================================================
Received Import Request.
  Time since last request: 92170.202431 seconds.
  path: Assets/Scripts/Player.cs
  artifactKey: Guid(de6d0dd40d54a9f488de45d0abfa5df5) Importer(815301076,1909f56bfc062723c751e8b465ee728b)
Start importing Assets/Scripts/Player.cs using Guid(de6d0dd40d54a9f488de45d0abfa5df5) Importer(815301076,1909f56bfc062723c751e8b465ee728b)  -> (artifact id: 'fbf126ce4c2f5c5fd1dd86dbcd43c93f') in 0.161260 seconds
  Import took 0.504554 seconds .

========================================================================
Received Prepare
Registering precompiled user dll's ...
Registered in 0.120678 seconds.
Begin MonoManager ReloadAssembly
Native extension for WindowsStandalone target not found
Native extension for WebGL target not found
Refreshing native plugins compatible for Editor in 0.31 ms, found 2 plugins.
Preloading 0 native plugins for Editor in 0.00 ms.
Mono: successfully reloaded assembly
- Completed reload, in  1.482 seconds
Platform modules already initialized, skipping
Refreshing native plugins compatible for Editor in 0.28 ms, found 2 plugins.
Preloading 0 native plugins for Editor in 0.00 ms.
Unloading 1384 Unused Serialized files (Serialized files now loaded: 0)
System memory in use before: 68.0 MB.
System memory in use after: 68.1 MB.

Unloading 14 unused Assets to reduce memory usage. Loaded Objects now: 1924.
Total: 47.242200 ms (FindLiveObjects: 0.213400 ms CreateObjectMapping: 0.045800 ms MarkObjects: 46.177700 ms  DeleteObjects: 0.803000 ms)

========================================================================
Received Prepare
Registering precompiled user dll's ...
Registered in 0.002530 seconds.
Begin MonoManager ReloadAssembly
Native extension for WindowsStandalone target not found
Native extension for WebGL target not found
Refreshing native plugins compatible for Editor in 0.41 ms, found 2 plugins.
Preloading 0 native plugins for Editor in 0.00 ms.
Mono: successfully reloaded assembly
- Completed reload, in  1.351 seconds
Platform modules already initialized, skipping
Refreshing native plugins compatible for Editor in 0.47 ms, found 2 plugins.
Preloading 0 native plugins for Editor in 0.00 ms.
Unloading 1384 Unused Serialized files (Serialized files now loaded: 0)
System memory in use before: 68.0 MB.
System memory in use after: 68.1 MB.

Unloading 14 unused Assets to reduce memory usage. Loaded Objects now: 1927.
Total: 4.007000 ms (FindLiveObjects: 0.254900 ms CreateObjectMapping: 0.080400 ms MarkObjects: 3.213400 ms  DeleteObjects: 0.456600 ms)

========================================================================
Received Import Request.
  Time since last request: 87.588973 seconds.
  path: Assets/Scripts/Player.cs
  artifactKey: Guid(63e14174562b8a440be7aff28476f585) Importer(815301076,1909f56bfc062723c751e8b465ee728b)
Start importing Assets/Scripts/Player.cs using Guid(63e14174562b8a440be7aff28476f585) Importer(815301076,1909f56bfc062723c751e8b465ee728b)  -> (artifact id: '05dceae0c3b4069fdb5adeaf508db75c') in 0.005574 seconds
  Import took 0.011126 seconds .

========================================================================
Received Import Request.
  Time since last request: 446.162496 seconds.
  path: Assets/PreFab/Cube.prefab
  artifactKey: Guid(36a0b0282793ee049ad296482874e592) Importer(815301076,1909f56bfc062723c751e8b465ee728b)
Start importing Assets/PreFab/Cube.prefab using Guid(36a0b0282793ee049ad296482874e592) Importer(815301076,1909f56bfc062723c751e8b465ee728b)  -> (artifact id: '5adbe3831c6cff45f4e53e69aea7f67a') in 0.412595 seconds
  Import took 0.415493 seconds .

========================================================================
Received Import Request.
  Time since last request: 196.373703 seconds.
  path: Assets/PreFab/Cube.prefab
  artifactKey: Guid(36a0b0282793ee049ad296482874e592) Importer(815301076,1909f56bfc062723c751e8b465ee728b)
Start importing Assets/PreFab/Cube.prefab using Guid(36a0b0282793ee049ad296482874e592) Importer(815301076,1909f56bfc062723c751e8b465ee728b)  -> (artifact id: 'e2a28c453725ed92bcf4192ab6d24801') in 0.030763 seconds
  Import took 0.050352 seconds .

========================================================================
Received Import Request.
  Time since last request: 100.563968 seconds.
  path: Assets/Player.cs
  artifactKey: Guid(de6d0dd40d54a9f488de45d0abfa5df5) Importer(815301076,1909f56bfc062723c751e8b465ee728b)
Start importing Assets/Player.cs using Guid(de6d0dd40d54a9f488de45d0abfa5df5) Importer(815301076,1909f56bfc062723c751e8b465ee728b)  -> (artifact id: '6624613768c87af6d4cc1e610d5dc3bf') in 0.002169 seconds
  Import took 0.031533 seconds .

========================================================================
Received Import Request.
  Time since last request: 92.905314 seconds.
  path: Assets/Scripts/Player.cs
  artifactKey: Guid(de6d0dd40d54a9f488de45d0abfa5df5) Importer(815301076,1909f56bfc062723c751e8b465ee728b)
Start importing Assets/Scripts/Player.cs using Guid(de6d0dd40d54a9f488de45d0abfa5df5) Importer(815301076,1909f56bfc062723c751e8b465ee728b)  -> (artifact id: '90f87d838258fa1f84822a456709b29e') in 0.002487 seconds
  Import took 0.142134 seconds .

========================================================================
Received Import Request.
  Time since last request: 3.308408 seconds.
  path: Assets/Player.cs
  artifactKey: Guid(d5e32dd2c2ab4f04d90cfa5679f757bd) Importer(815301076,1909f56bfc062723c751e8b465ee728b)
Start importing Assets/Player.cs using Guid(d5e32dd2c2ab4f04d90cfa5679f757bd) Importer(815301076,1909f56bfc062723c751e8b465ee728b)  -> (artifact id: 'd0c96e3798dd5795162f28056551a9c6') in 0.001801 seconds
  Import took 0.104000 seconds .

========================================================================
Received Import Request.
  Time since last request: 16.564843 seconds.
  path: Assets/Scripts/Player.cs
  artifactKey: Guid(de6d0dd40d54a9f488de45d0abfa5df5) Importer(815301076,1909f56bfc062723c751e8b465ee728b)
Start importing Assets/Scripts/Player.cs using Guid(de6d0dd40d54a9f488de45d0abfa5df5) Importer(815301076,1909f56bfc062723c751e8b465ee728b)  -> (artifact id: '52e8c2a447510c556c2191f59885af09') in 0.002104 seconds
  Import took 0.005507 seconds .

========================================================================
Received Import Request.
  Time since last request: 10.048247 seconds.
  path: Assets/PreFab/Cube.prefab
  artifactKey: Guid(36a0b0282793ee049ad296482874e592) Importer(815301076,1909f56bfc062723c751e8b465ee728b)
Start importing Assets/PreFab/Cube.prefab using Guid(36a0b0282793ee049ad296482874e592) Importer(815301076,1909f56bfc062723c751e8b465ee728b)  -> (artifact id: '7de889a63f026d4e423ae19781e1c860') in 0.044921 seconds
  Import took 0.053532 seconds .

========================================================================
Received Import Request.
  Time since last request: 5.903417 seconds.
  path: Assets/PreFab/Cube.prefab
  artifactKey: Guid(36a0b0282793ee049ad296482874e592) Importer(815301076,1909f56bfc062723c751e8b465ee728b)
Start importing Assets/PreFab/Cube.prefab using Guid(36a0b0282793ee049ad296482874e592) Importer(815301076,1909f56bfc062723c751e8b465ee728b)  -> (artifact id: '555130aef6ac118482eb0364061ece5a') in 0.014169 seconds
  Import took 0.114042 seconds .

========================================================================
Received Prepare
Registering precompiled user dll's ...
Registered in 0.002502 seconds.
Begin MonoManager ReloadAssembly
Native extension for WindowsStandalone target not found
Native extension for WebGL target not found
Refreshing native plugins compatible for Editor in 0.30 ms, found 2 plugins.
Preloading 0 native plugins for Editor in 0.00 ms.
Mono: successfully reloaded assembly
- Completed reload, in  1.124 seconds
Platform modules already initialized, skipping
Refreshing native plugins compatible for Editor in 0.36 ms, found 2 plugins.
Preloading 0 native plugins for Editor in 0.00 ms.
Unloading 1384 Unused Serialized files (Serialized files now loaded: 0)
System memory in use before: 68.1 MB.
System memory in use after: 68.1 MB.

Unloading 15 unused Assets to reduce memory usage. Loaded Objects now: 1932.
Total: 2.215500 ms (FindLiveObjects: 0.184900 ms CreateObjectMapping: 0.055100 ms MarkObjects: 1.916100 ms  DeleteObjects: 0.058500 ms)

========================================================================
Received Import Request.
  Time since last request: 62.571711 seconds.
  path: Assets/Scripts/Player.cs
  artifactKey: Guid(de6d0dd40d54a9f488de45d0abfa5df5) Importer(815301076,1909f56bfc062723c751e8b465ee728b)
Start importing Assets/Scripts/Player.cs using Guid(de6d0dd40d54a9f488de45d0abfa5df5) Importer(815301076,1909f56bfc062723c751e8b465ee728b)  -> (artifact id: 'ad7083f43b80daab24cd2eb8cc26f113') in 0.007347 seconds
  Import took 0.023093 seconds .

========================================================================
Received Prepare
Registering precompiled user dll's ...
Registered in 0.006509 seconds.
Begin MonoManager ReloadAssembly
Native extension for WindowsStandalone target not found
Native extension for WebGL target not found
Refreshing native plugins compatible for Editor in 0.51 ms, found 2 plugins.
Preloading 0 native plugins for Editor in 0.00 ms.
Mono: successfully reloaded assembly
- Completed reload, in  2.095 seconds
Platform modules already initialized, skipping
Refreshing native plugins compatible for Editor in 0.82 ms, found 2 plugins.
Preloading 0 native plugins for Editor in 0.00 ms.
Unloading 1384 Unused Serialized files (Serialized files now loaded: 0)
System memory in use before: 68.1 MB.
System memory in use after: 68.2 MB.

Unloading 14 unused Assets to reduce memory usage. Loaded Objects now: 1935.
Total: 4.575400 ms (FindLiveObjects: 0.274100 ms CreateObjectMapping: 0.085100 ms MarkObjects: 4.129500 ms  DeleteObjects: 0.084300 ms)

========================================================================
Received Prepare
Registering precompiled user dll's ...
Registered in 0.003221 seconds.
Begin MonoManager ReloadAssembly
Native extension for WindowsStandalone target not found
Native extension for WebGL target not found
Refreshing native plugins compatible for Editor in 0.33 ms, found 2 plugins.
Preloading 0 native plugins for Editor in 0.00 ms.
Mono: successfully reloaded assembly
- Completed reload, in  1.140 seconds
Platform modules already initialized, skipping
Refreshing native plugins compatible for Editor in 0.30 ms, found 2 plugins.
Preloading 0 native plugins for Editor in 0.00 ms.
Unloading 1384 Unused Serialized files (Serialized files now loaded: 0)
System memory in use before: 68.1 MB.
System memory in use after: 68.2 MB.

Unloading 14 unused Assets to reduce memory usage. Loaded Objects now: 1938.
Total: 3.114200 ms (FindLiveObjects: 0.191500 ms CreateObjectMapping: 0.070300 ms MarkObjects: 2.692600 ms  DeleteObjects: 0.158500 ms)

========================================================================
Received Prepare
Registering precompiled user dll's ...
Registered in 0.002324 seconds.
Begin MonoManager ReloadAssembly
Native extension for WindowsStandalone target not found
Native extension for WebGL target not found
Refreshing native plugins compatible for Editor in 0.29 ms, found 2 plugins.
Preloading 0 native plugins for Editor in 0.00 ms.
Mono: successfully reloaded assembly
- Completed reload, in  0.882 seconds
Platform modules already initialized, skipping
Refreshing native plugins compatible for Editor in 0.29 ms, found 2 plugins.
Preloading 0 native plugins for Editor in 0.00 ms.
Unloading 1384 Unused Serialized files (Serialized files now loaded: 0)
System memory in use before: 68.1 MB.
System memory in use after: 68.2 MB.

Unloading 14 unused Assets to reduce memory usage. Loaded Objects now: 1941.
Total: 2.383700 ms (FindLiveObjects: 0.196200 ms CreateObjectMapping: 0.061600 ms MarkObjects: 2.079200 ms  DeleteObjects: 0.045700 ms)

========================================================================
Received Import Request.
  Time since last request: 328.059631 seconds.
  path: Assets/Scripts/Player.cs
  artifactKey: Guid(de6d0dd40d54a9f488de45d0abfa5df5) Importer(815301076,1909f56bfc062723c751e8b465ee728b)
Start importing Assets/Scripts/Player.cs using Guid(de6d0dd40d54a9f488de45d0abfa5df5) Importer(815301076,1909f56bfc062723c751e8b465ee728b)  -> (artifact id: 'd8bee1beb600401eefea4d95fac6b377') in 0.003639 seconds
  Import took 0.006546 seconds .

========================================================================
Received Import Request.
  Time since last request: 0.001055 seconds.
  path: Assets/Scripts/Player.cs
  artifactKey: Guid(de6d0dd40d54a9f488de45d0abfa5df5) Importer(815301076,1909f56bfc062723c751e8b465ee728b)
Start importing Assets/Scripts/Player.cs using Guid(de6d0dd40d54a9f488de45d0abfa5df5) Importer(815301076,1909f56bfc062723c751e8b465ee728b)  -> (artifact id: 'd8bee1beb600401eefea4d95fac6b377') in 0.001728 seconds
  Import took 0.004256 seconds .

========================================================================
Received Prepare
Registering precompiled user dll's ...
Registered in 0.002289 seconds.
Begin MonoManager ReloadAssembly
Native extension for WindowsStandalone target not found
Native extension for WebGL target not found
Refreshing native plugins compatible for Editor in 0.28 ms, found 2 plugins.
Preloading 0 native plugins for Editor in 0.00 ms.
Mono: successfully reloaded assembly
- Completed reload, in  0.924 seconds
Platform modules already initialized, skipping
Refreshing native plugins compatible for Editor in 0.29 ms, found 2 plugins.
Preloading 0 native plugins for Editor in 0.00 ms.
Unloading 1384 Unused Serialized files (Serialized files now loaded: 0)
System memory in use before: 68.1 MB.
System memory in use after: 68.2 MB.

Unloading 14 unused Assets to reduce memory usage. Loaded Objects now: 1944.
Total: 2.186200 ms (FindLiveObjects: 0.151800 ms CreateObjectMapping: 0.037800 ms MarkObjects: 1.951300 ms  DeleteObjects: 0.044300 ms)

========================================================================
Received Prepare
Registering precompiled user dll's ...
Registered in 0.002608 seconds.
Begin MonoManager ReloadAssembly
Native extension for WindowsStandalone target not found
Native extension for WebGL target not found
Refreshing native plugins compatible for Editor in 0.30 ms, found 2 plugins.
Preloading 0 native plugins for Editor in 0.00 ms.
Mono: successfully reloaded assembly
- Completed reload, in  0.867 seconds
Platform modules already initialized, skipping
Refreshing native plugins compatible for Editor in 0.55 ms, found 2 plugins.
Preloading 0 native plugins for Editor in 0.00 ms.
Unloading 1384 Unused Serialized files (Serialized files now loaded: 0)
System memory in use before: 68.1 MB.
System memory in use after: 68.2 MB.

Unloading 14 unused Assets to reduce memory usage. Loaded Objects now: 1947.
Total: 2.217800 ms (FindLiveObjects: 0.168800 ms CreateObjectMapping: 0.040900 ms MarkObjects: 1.961900 ms  DeleteObjects: 0.045400 ms)

========================================================================
Received Import Request.
  Time since last request: 174.375168 seconds.
  path: Assets/PreFab/Cube.prefab
  artifactKey: Guid(36a0b0282793ee049ad296482874e592) Importer(815301076,1909f56bfc062723c751e8b465ee728b)
Start importing Assets/PreFab/Cube.prefab using Guid(36a0b0282793ee049ad296482874e592) Importer(815301076,1909f56bfc062723c751e8b465ee728b)  -> (artifact id: '09f54195a852174553663f846470eaad') in 0.055456 seconds
  Import took 0.192496 seconds .

========================================================================
Received Import Request.
  Time since last request: 16.417013 seconds.
  path: Assets/PreFab/Cube.prefab
  artifactKey: Guid(36a0b0282793ee049ad296482874e592) Importer(815301076,1909f56bfc062723c751e8b465ee728b)
Start importing Assets/PreFab/Cube.prefab using Guid(36a0b0282793ee049ad296482874e592) Importer(815301076,1909f56bfc062723c751e8b465ee728b)  -> (artifact id: 'a2819422ba69404eea68c14c5b63b8ef') in 0.011512 seconds
  Import took 0.014312 seconds .

========================================================================
Received Import Request.
  Time since last request: 0.008484 seconds.
  path: Assets/PreFab/Cube.prefab
  artifactKey: Guid(36a0b0282793ee049ad296482874e592) Importer(815301076,1909f56bfc062723c751e8b465ee728b)
Start importing Assets/PreFab/Cube.prefab using Guid(36a0b0282793ee049ad296482874e592) Importer(815301076,1909f56bfc062723c751e8b465ee728b)  -> (artifact id: 'a2819422ba69404eea68c14c5b63b8ef') in 0.006395 seconds
  Import took 0.009300 seconds .

========================================================================
Received Prepare
Registering precompiled user dll's ...
Registered in 0.002522 seconds.
Begin MonoManager ReloadAssembly
Native extension for WindowsStandalone target not found
Native extension for WebGL target not found
Refreshing native plugins compatible for Editor in 0.31 ms, found 2 plugins.
Preloading 0 native plugins for Editor in 0.00 ms.
Mono: successfully reloaded assembly
- Completed reload, in  0.901 seconds
Platform modules already initialized, skipping
Refreshing native plugins compatible for Editor in 0.53 ms, found 2 plugins.
Preloading 0 native plugins for Editor in 0.00 ms.
Unloading 1384 Unused Serialized files (Serialized files now loaded: 0)
System memory in use before: 68.1 MB.
System memory in use after: 68.2 MB.

Unloading 15 unused Assets to reduce memory usage. Loaded Objects now: 1951.
Total: 1.925900 ms (FindLiveObjects: 0.173200 ms CreateObjectMapping: 0.048900 ms MarkObjects: 1.644800 ms  DeleteObjects: 0.058100 ms)

========================================================================
Received Prepare
Registering precompiled user dll's ...
Registered in 0.002511 seconds.
Begin MonoManager ReloadAssembly
Native extension for WindowsStandalone target not found
Native extension for WebGL target not found
Refreshing native plugins compatible for Editor in 0.29 ms, found 2 plugins.
Preloading 0 native plugins for Editor in 0.00 ms.
Mono: successfully reloaded assembly
- Completed reload, in  0.893 seconds
Platform modules already initialized, skipping
Refreshing native plugins compatible for Editor in 0.29 ms, found 2 plugins.
Preloading 0 native plugins for Editor in 0.00 ms.
Unloading 1384 Unused Serialized files (Serialized files now loaded: 0)
System memory in use before: 68.1 MB.
System memory in use after: 68.2 MB.

Unloading 14 unused Assets to reduce memory usage. Loaded Objects now: 1954.
Total: 2.050300 ms (FindLiveObjects: 0.164000 ms CreateObjectMapping: 0.048000 ms MarkObjects: 1.792000 ms  DeleteObjects: 0.045400 ms)

========================================================================
Received Prepare
Registering precompiled user dll's ...
Registered in 0.002515 seconds.
Begin MonoManager ReloadAssembly
Native extension for WindowsStandalone target not found
Native extension for WebGL target not found
Refreshing native plugins compatible for Editor in 0.33 ms, found 2 plugins.
Preloading 0 native plugins for Editor in 0.00 ms.
Mono: successfully reloaded assembly
- Completed reload, in  0.889 seconds
Platform modules already initialized, skipping
Refreshing native plugins compatible for Editor in 0.29 ms, found 2 plugins.
Preloading 0 native plugins for Editor in 0.00 ms.
Unloading 1384 Unused Serialized files (Serialized files now loaded: 0)
System memory in use before: 68.1 MB.
System memory in use after: 68.2 MB.

Unloading 14 unused Assets to reduce memory usage. Loaded Objects now: 1957.
Total: 2.005500 ms (FindLiveObjects: 0.200100 ms CreateObjectMapping: 0.050500 ms MarkObjects: 1.707600 ms  DeleteObjects: 0.046400 ms)

========================================================================
Received Import Request.
  Time since last request: 207.658016 seconds.
  path: Assets/PreFab/Cube.prefab
  artifactKey: Guid(36a0b0282793ee049ad296482874e592) Importer(815301076,1909f56bfc062723c751e8b465ee728b)
Start importing Assets/PreFab/Cube.prefab using Guid(36a0b0282793ee049ad296482874e592) Importer(815301076,1909f56bfc062723c751e8b465ee728b)  -> (artifact id: 'a246b2def9c86a929cd9d733fd592965') in 0.063011 seconds
  Import took 0.066262 seconds .

========================================================================
Received Import Request.
  Time since last request: 3.087102 seconds.
  path: Assets/PreFab/Cube.prefab
  artifactKey: Guid(36a0b0282793ee049ad296482874e592) Importer(815301076,1909f56bfc062723c751e8b465ee728b)
Start importing Assets/PreFab/Cube.prefab using Guid(36a0b0282793ee049ad296482874e592) Importer(815301076,1909f56bfc062723c751e8b465ee728b)  -> (artifact id: '6776abb58e0fb52484caadc121bcfca0') in 0.006387 seconds
  Import took 0.008845 seconds .

========================================================================
Received Import Request.
  Time since last request: 0.016434 seconds.
  path: Assets/PreFab/Cube.prefab
  artifactKey: Guid(36a0b0282793ee049ad296482874e592) Importer(815301076,1909f56bfc062723c751e8b465ee728b)
Start importing Assets/PreFab/Cube.prefab using Guid(36a0b0282793ee049ad296482874e592) Importer(815301076,1909f56bfc062723c751e8b465ee728b)  -> (artifact id: '6776abb58e0fb52484caadc121bcfca0') in 0.006096 seconds
  Import took 0.009405 seconds .

========================================================================
Received Prepare
Registering precompiled user dll's ...
Registered in 0.006505 seconds.
Begin MonoManager ReloadAssembly
Native extension for WindowsStandalone target not found
Native extension for WebGL target not found
Refreshing native plugins compatible for Editor in 0.85 ms, found 2 plugins.
Preloading 0 native plugins for Editor in 0.00 ms.
Mono: successfully reloaded assembly
- Completed reload, in  2.156 seconds
Platform modules already initialized, skipping
Refreshing native plugins compatible for Editor in 0.91 ms, found 2 plugins.
Preloading 0 native plugins for Editor in 0.00 ms.
Unloading 1384 Unused Serialized files (Serialized files now loaded: 0)
System memory in use before: 68.1 MB.
System memory in use after: 68.2 MB.

Unloading 15 unused Assets to reduce memory usage. Loaded Objects now: 1961.
Total: 4.035300 ms (FindLiveObjects: 0.276000 ms CreateObjectMapping: 0.091800 ms MarkObjects: 3.547100 ms  DeleteObjects: 0.117800 ms)

========================================================================
Received Import Request.
  Time since last request: 81.630827 seconds.
  path: Assets/PreFab/Cube.prefab
  artifactKey: Guid(36a0b0282793ee049ad296482874e592) Importer(815301076,1909f56bfc062723c751e8b465ee728b)
Start importing Assets/PreFab/Cube.prefab using Guid(36a0b0282793ee049ad296482874e592) Importer(815301076,1909f56bfc062723c751e8b465ee728b)  -> (artifact id: 'b313753cd9bf38b4383aa5c75bc8d530') in 0.109583 seconds
  Import took 0.115232 seconds .

========================================================================
Received Import Request.
  Time since last request: 0.892070 seconds.
  path: Assets/PreFab/Cube.prefab
  artifactKey: Guid(36a0b0282793ee049ad296482874e592) Importer(815301076,1909f56bfc062723c751e8b465ee728b)
Start importing Assets/PreFab/Cube.prefab using Guid(36a0b0282793ee049ad296482874e592) Importer(815301076,1909f56bfc062723c751e8b465ee728b)  -> (artifact id: 'f3c4b5d7a295271d5e242c646a09a3ed') in 0.010390 seconds
  Import took 0.015475 seconds .

========================================================================
Received Import Request.
  Time since last request: 0.026608 seconds.
  path: Assets/PreFab/Cube.prefab
  artifactKey: Guid(36a0b0282793ee049ad296482874e592) Importer(815301076,1909f56bfc062723c751e8b465ee728b)
Start importing Assets/PreFab/Cube.prefab using Guid(36a0b0282793ee049ad296482874e592) Importer(815301076,1909f56bfc062723c751e8b465ee728b)  -> (artifact id: 'f3c4b5d7a295271d5e242c646a09a3ed') in 0.012749 seconds
  Import took 0.017895 seconds .

========================================================================
Received Prepare
Registering precompiled user dll's ...
Registered in 0.005831 seconds.
Begin MonoManager ReloadAssembly
Native extension for WindowsStandalone target not found
Native extension for WebGL target not found
Refreshing native plugins compatible for Editor in 0.49 ms, found 2 plugins.
Preloading 0 native plugins for Editor in 0.00 ms.
Mono: successfully reloaded assembly
- Completed reload, in  1.920 seconds
Platform modules already initialized, skipping
Refreshing native plugins compatible for Editor in 0.80 ms, found 2 plugins.
Preloading 0 native plugins for Editor in 0.00 ms.
Unloading 1384 Unused Serialized files (Serialized files now loaded: 0)
System memory in use before: 68.1 MB.
System memory in use after: 68.2 MB.

Unloading 15 unused Assets to reduce memory usage. Loaded Objects now: 1965.
Total: 3.789500 ms (FindLiveObjects: 0.258800 ms CreateObjectMapping: 0.083000 ms MarkObjects: 3.356400 ms  DeleteObjects: 0.089600 ms)

========================================================================
Received Import Request.
  Time since last request: 16.321654 seconds.
  path: Assets/PreFab/Cube.prefab
  artifactKey: Guid(36a0b0282793ee049ad296482874e592) Importer(815301076,1909f56bfc062723c751e8b465ee728b)
Start importing Assets/PreFab/Cube.prefab using Guid(36a0b0282793ee049ad296482874e592) Importer(815301076,1909f56bfc062723c751e8b465ee728b)  -> (artifact id: 'f6242edefd87c968d586133e5e2f326b') in 0.090692 seconds
  Import took 0.095002 seconds .

========================================================================
Received Import Request.
  Time since last request: 3.240530 seconds.
  path: Assets/PreFab/Cube.prefab
  artifactKey: Guid(36a0b0282793ee049ad296482874e592) Importer(815301076,1909f56bfc062723c751e8b465ee728b)
Start importing Assets/PreFab/Cube.prefab using Guid(36a0b0282793ee049ad296482874e592) Importer(815301076,1909f56bfc062723c751e8b465ee728b)  -> (artifact id: 'f6242edefd87c968d586133e5e2f326b') in 0.012021 seconds
  Import took 0.017204 seconds .

========================================================================
Received Prepare
Registering precompiled user dll's ...
Registered in 0.005749 seconds.
Begin MonoManager ReloadAssembly
Native extension for WindowsStandalone target not found
Native extension for WebGL target not found
Refreshing native plugins compatible for Editor in 0.53 ms, found 2 plugins.
Preloading 0 native plugins for Editor in 0.00 ms.
Mono: successfully reloaded assembly
- Completed reload, in  2.318 seconds
Platform modules already initialized, skipping
Refreshing native plugins compatible for Editor in 0.52 ms, found 2 plugins.
Preloading 0 native plugins for Editor in 0.00 ms.
Unloading 1384 Unused Serialized files (Serialized files now loaded: 0)
System memory in use before: 68.2 MB.
System memory in use after: 68.2 MB.

Unloading 15 unused Assets to reduce memory usage. Loaded Objects now: 1969.
Total: 6.303000 ms (FindLiveObjects: 0.628600 ms CreateObjectMapping: 0.186400 ms MarkObjects: 5.302500 ms  DeleteObjects: 0.178100 ms)

========================================================================
Received Prepare
Registering precompiled user dll's ...
Registered in 0.003443 seconds.
Begin MonoManager ReloadAssembly
Native extension for WindowsStandalone target not found
Native extension for WebGL target not found
Refreshing native plugins compatible for Editor in 0.33 ms, found 2 plugins.
Preloading 0 native plugins for Editor in 0.00 ms.
Mono: successfully reloaded assembly
- Completed reload, in  0.918 seconds
Platform modules already initialized, skipping
Refreshing native plugins compatible for Editor in 0.31 ms, found 2 plugins.
Preloading 0 native plugins for Editor in 0.00 ms.
Unloading 1384 Unused Serialized files (Serialized files now loaded: 0)
System memory in use before: 68.2 MB.
System memory in use after: 68.2 MB.

Unloading 14 unused Assets to reduce memory usage. Loaded Objects now: 1972.
Total: 2.001800 ms (FindLiveObjects: 0.153400 ms CreateObjectMapping: 0.041300 ms MarkObjects: 1.737200 ms  DeleteObjects: 0.069200 ms)

========================================================================
Received Import Request.
  Time since last request: 113.037908 seconds.
  path: Assets/Scripts/CameraController.cs
  artifactKey: Guid(a689f3f969b10ca4a8e0f26ea7cf05c7) Importer(815301076,1909f56bfc062723c751e8b465ee728b)
Start importing Assets/Scripts/CameraController.cs using Guid(a689f3f969b10ca4a8e0f26ea7cf05c7) Importer(815301076,1909f56bfc062723c751e8b465ee728b)  -> (artifact id: 'b1f501d73ab119569dfa2b768f806a93') in 0.009242 seconds
  Import took 0.012842 seconds .

========================================================================
Received Prepare
Registering precompiled user dll's ...
Registered in 0.003688 seconds.
Begin MonoManager ReloadAssembly
Native extension for WindowsStandalone target not found
Native extension for WebGL target not found
Refreshing native plugins compatible for Editor in 0.77 ms, found 2 plugins.
Preloading 0 native plugins for Editor in 0.00 ms.
Mono: successfully reloaded assembly
- Completed reload, in  1.051 seconds
Platform modules already initialized, skipping
Refreshing native plugins compatible for Editor in 0.29 ms, found 2 plugins.
Preloading 0 native plugins for Editor in 0.00 ms.
Unloading 1385 Unused Serialized files (Serialized files now loaded: 0)
System memory in use before: 68.2 MB.
System memory in use after: 68.3 MB.

Unloading 14 unused Assets to reduce memory usage. Loaded Objects now: 1976.
Total: 2.241300 ms (FindLiveObjects: 0.173000 ms CreateObjectMapping: 0.042300 ms MarkObjects: 1.969600 ms  DeleteObjects: 0.055600 ms)

========================================================================
Received Prepare
Registering precompiled user dll's ...
Registered in 0.002534 seconds.
Begin MonoManager ReloadAssembly
Native extension for WindowsStandalone target not found
Native extension for WebGL target not found
Refreshing native plugins compatible for Editor in 0.32 ms, found 2 plugins.
Preloading 0 native plugins for Editor in 0.00 ms.
Mono: successfully reloaded assembly
- Completed reload, in  0.958 seconds
Platform modules already initialized, skipping
Refreshing native plugins compatible for Editor in 0.30 ms, found 2 plugins.
Preloading 0 native plugins for Editor in 0.00 ms.
Unloading 1385 Unused Serialized files (Serialized files now loaded: 0)
System memory in use before: 68.2 MB.
System memory in use after: 68.3 MB.

Unloading 14 unused Assets to reduce memory usage. Loaded Objects now: 1979.
Total: 2.260100 ms (FindLiveObjects: 0.165800 ms CreateObjectMapping: 0.045000 ms MarkObjects: 2.002200 ms  DeleteObjects: 0.046200 ms)

========================================================================
Received Prepare
Registering precompiled user dll's ...
Registered in 0.003377 seconds.
Begin MonoManager ReloadAssembly
Native extension for WindowsStandalone target not found
Native extension for WebGL target not found
Refreshing native plugins compatible for Editor in 0.32 ms, found 2 plugins.
Preloading 0 native plugins for Editor in 0.00 ms.
Mono: successfully reloaded assembly
- Completed reload, in  0.996 seconds
Platform modules already initialized, skipping
Refreshing native plugins compatible for Editor in 0.33 ms, found 2 plugins.
Preloading 0 native plugins for Editor in 0.00 ms.
Unloading 1385 Unused Serialized files (Serialized files now loaded: 0)
System memory in use before: 68.2 MB.
System memory in use after: 68.3 MB.

Unloading 14 unused Assets to reduce memory usage. Loaded Objects now: 1982.
Total: 2.537100 ms (FindLiveObjects: 0.192300 ms CreateObjectMapping: 0.052400 ms MarkObjects: 2.238500 ms  DeleteObjects: 0.052900 ms)

========================================================================
Received Prepare
Registering precompiled user dll's ...
Registered in 0.002584 seconds.
Begin MonoManager ReloadAssembly
Native extension for WindowsStandalone target not found
Native extension for WebGL target not found
Refreshing native plugins compatible for Editor in 0.31 ms, found 2 plugins.
Preloading 0 native plugins for Editor in 0.00 ms.
Mono: successfully reloaded assembly
- Completed reload, in  0.896 seconds
Platform modules already initialized, skipping
Refreshing native plugins compatible for Editor in 0.34 ms, found 2 plugins.
Preloading 0 native plugins for Editor in 0.00 ms.
Unloading 1385 Unused Serialized files (Serialized files now loaded: 0)
System memory in use before: 68.2 MB.
System memory in use after: 68.3 MB.

Unloading 14 unused Assets to reduce memory usage. Loaded Objects now: 1985.
Total: 2.260000 ms (FindLiveObjects: 0.163200 ms CreateObjectMapping: 0.043600 ms MarkObjects: 1.981300 ms  DeleteObjects: 0.071200 ms)

========================================================================
Received Prepare
Registering precompiled user dll's ...
Registered in 0.280090 seconds.
Begin MonoManager ReloadAssembly
Native extension for WindowsStandalone target not found
Native extension for WebGL target not found
Refreshing native plugins compatible for Editor in 0.89 ms, found 2 plugins.
Preloading 0 native plugins for Editor in 0.00 ms.
Mono: successfully reloaded assembly
- Completed reload, in  2.951 seconds
Platform modules already initialized, skipping
Refreshing native plugins compatible for Editor in 0.49 ms, found 2 plugins.
Preloading 0 native plugins for Editor in 0.00 ms.
Unloading 1385 Unused Serialized files (Serialized files now loaded: 0)
System memory in use before: 68.2 MB.
System memory in use after: 68.3 MB.

Unloading 14 unused Assets to reduce memory usage. Loaded Objects now: 1988.
Total: 6.323100 ms (FindLiveObjects: 0.282900 ms CreateObjectMapping: 0.082200 ms MarkObjects: 5.552400 ms  DeleteObjects: 0.402900 ms)

========================================================================
Received Import Request.
  Time since last request: 251391.758758 seconds.
  path: ProjectSettings/TagManager.asset
  artifactKey: Guid(00000000000000003000000000000000) Importer(815301076,1909f56bfc062723c751e8b465ee728b)
Start importing ProjectSettings/TagManager.asset using Guid(00000000000000003000000000000000) Importer(815301076,1909f56bfc062723c751e8b465ee728b)  -> (artifact id: 'ce6a35c3cddc746e7501c0bd0ed6d4ce') in 0.090224 seconds
  Import took 0.112687 seconds .

========================================================================
Received Prepare
Registering precompiled user dll's ...
Registered in 0.005477 seconds.
Begin MonoManager ReloadAssembly
Native extension for WindowsStandalone target not found
Native extension for WebGL target not found
Refreshing native plugins compatible for Editor in 1.11 ms, found 2 plugins.
Preloading 0 native plugins for Editor in 0.00 ms.
Mono: successfully reloaded assembly
- Completed reload, in  1.958 seconds
Platform modules already initialized, skipping
Refreshing native plugins compatible for Editor in 0.51 ms, found 2 plugins.
Preloading 0 native plugins for Editor in 0.00 ms.
Unloading 1385 Unused Serialized files (Serialized files now loaded: 0)
System memory in use before: 68.2 MB.
System memory in use after: 68.3 MB.

Unloading 15 unused Assets to reduce memory usage. Loaded Objects now: 1991.
Total: 4.109400 ms (FindLiveObjects: 0.302300 ms CreateObjectMapping: 0.136000 ms MarkObjects: 3.557600 ms  DeleteObjects: 0.111300 ms)

========================================================================
Received Import Request.
  Time since last request: 385.065786 seconds.
  path: Assets/Scripts/Player.cs
  artifactKey: Guid(de6d0dd40d54a9f488de45d0abfa5df5) Importer(815301076,1909f56bfc062723c751e8b465ee728b)
Start importing Assets/Scripts/Player.cs using Guid(de6d0dd40d54a9f488de45d0abfa5df5) Importer(815301076,1909f56bfc062723c751e8b465ee728b)  -> (artifact id: 'b48f3df5b362a70170f499d17c0c2d45') in 0.014336 seconds
  Import took 0.152665 seconds .

========================================================================
Received Prepare
Registering precompiled user dll's ...
Registered in 0.005362 seconds.
Begin MonoManager ReloadAssembly
Native extension for WindowsStandalone target not found
Native extension for WebGL target not found
Refreshing native plugins compatible for Editor in 0.50 ms, found 2 plugins.
Preloading 0 native plugins for Editor in 0.00 ms.
Mono: successfully reloaded assembly
- Completed reload, in  1.728 seconds
Platform modules already initialized, skipping
Refreshing native plugins compatible for Editor in 0.49 ms, found 2 plugins.
Preloading 0 native plugins for Editor in 0.00 ms.
Unloading 1385 Unused Serialized files (Serialized files now loaded: 0)
System memory in use before: 68.2 MB.
System memory in use after: 68.3 MB.

Unloading 14 unused Assets to reduce memory usage. Loaded Objects now: 1994.
Total: 3.624500 ms (FindLiveObjects: 0.271000 ms CreateObjectMapping: 0.088700 ms MarkObjects: 3.182200 ms  DeleteObjects: 0.080900 ms)

========================================================================
Received Prepare
Registering precompiled user dll's ...
Registered in 0.002850 seconds.
Begin MonoManager ReloadAssembly
Native extension for WindowsStandalone target not found
Native extension for WebGL target not found
Refreshing native plugins compatible for Editor in 0.29 ms, found 2 plugins.
Preloading 0 native plugins for Editor in 0.00 ms.
Mono: successfully reloaded assembly
- Completed reload, in  0.925 seconds
Platform modules already initialized, skipping
Refreshing native plugins compatible for Editor in 0.30 ms, found 2 plugins.
Preloading 0 native plugins for Editor in 0.00 ms.
Unloading 1385 Unused Serialized files (Serialized files now loaded: 0)
System memory in use before: 68.2 MB.
System memory in use after: 68.3 MB.

Unloading 14 unused Assets to reduce memory usage. Loaded Objects now: 1997.
Total: 2.161100 ms (FindLiveObjects: 0.179000 ms CreateObjectMapping: 0.040500 ms MarkObjects: 1.853100 ms  DeleteObjects: 0.087300 ms)

========================================================================
Received Import Request.
  Time since last request: 156.221240 seconds.
  path: Assets/PreFab/Coin.prefab
  artifactKey: Guid(bcfbbfaf115c7fc409088f7da89c398d) Importer(815301076,1909f56bfc062723c751e8b465ee728b)
Start importing Assets/PreFab/Coin.prefab using Guid(bcfbbfaf115c7fc409088f7da89c398d) Importer(815301076,1909f56bfc062723c751e8b465ee728b)  -> (artifact id: 'decaa93c97ad00daa94506e12f941260') in 0.158746 seconds
  Import took 0.182443 seconds .

========================================================================
Received Import Request.
  Time since last request: 147.502635 seconds.
  path: Assets/PreFab/Coin.prefab
  artifactKey: Guid(bcfbbfaf115c7fc409088f7da89c398d) Importer(815301076,1909f56bfc062723c751e8b465ee728b)
Start importing Assets/PreFab/Coin.prefab using Guid(bcfbbfaf115c7fc409088f7da89c398d) Importer(815301076,1909f56bfc062723c751e8b465ee728b)  -> (artifact id: '7ad39349076aef56efa83b7babaf5c39') in 0.021011 seconds
  Import took 0.024209 seconds .

========================================================================
Received Import Request.
  Time since last request: 0.002668 seconds.
  path: Assets/PreFab/Coin.prefab
  artifactKey: Guid(bcfbbfaf115c7fc409088f7da89c398d) Importer(815301076,1909f56bfc062723c751e8b465ee728b)
Start importing Assets/PreFab/Coin.prefab using Guid(bcfbbfaf115c7fc409088f7da89c398d) Importer(815301076,1909f56bfc062723c751e8b465ee728b)  -> (artifact id: '7ad39349076aef56efa83b7babaf5c39') in 0.008684 seconds
  Import took 0.011889 seconds .

========================================================================
Received Import Request.
  Time since last request: 75.186174 seconds.
  path: Assets/Scripts/CoinScript.cs
  artifactKey: Guid(dbea2aa00fd9db742a7db270c1d82523) Importer(815301076,1909f56bfc062723c751e8b465ee728b)
Start importing Assets/Scripts/CoinScript.cs using Guid(dbea2aa00fd9db742a7db270c1d82523) Importer(815301076,1909f56bfc062723c751e8b465ee728b)  -> (artifact id: '28a1cb77a60213fa690be2d3f30503d2') in 0.007969 seconds
  Import took 0.121920 seconds .

========================================================================
Received Prepare
Registering precompiled user dll's ...
Registered in 0.002483 seconds.
Begin MonoManager ReloadAssembly
Native extension for WindowsStandalone target not found
Native extension for WebGL target not found
Refreshing native plugins compatible for Editor in 0.45 ms, found 2 plugins.
Preloading 0 native plugins for Editor in 0.00 ms.
Mono: successfully reloaded assembly
- Completed reload, in  0.985 seconds
Platform modules already initialized, skipping
Refreshing native plugins compatible for Editor in 0.31 ms, found 2 plugins.
Preloading 0 native plugins for Editor in 0.00 ms.
Unloading 1386 Unused Serialized files (Serialized files now loaded: 0)
System memory in use before: 68.3 MB.
System memory in use after: 68.4 MB.

Unloading 15 unused Assets to reduce memory usage. Loaded Objects now: 2003.
Total: 2.257000 ms (FindLiveObjects: 0.202600 ms CreateObjectMapping: 0.053900 ms MarkObjects: 1.934500 ms  DeleteObjects: 0.064100 ms)

========================================================================
Received Prepare
Registering precompiled user dll's ...
Registered in 0.002639 seconds.
Begin MonoManager ReloadAssembly
Native extension for WindowsStandalone target not found
Native extension for WebGL target not found
Refreshing native plugins compatible for Editor in 0.31 ms, found 2 plugins.
Preloading 0 native plugins for Editor in 0.00 ms.
Mono: successfully reloaded assembly
- Completed reload, in  0.977 seconds
Platform modules already initialized, skipping
Refreshing native plugins compatible for Editor in 0.31 ms, found 2 plugins.
Preloading 0 native plugins for Editor in 0.00 ms.
Unloading 1386 Unused Serialized files (Serialized files now loaded: 0)
System memory in use before: 68.3 MB.
System memory in use after: 68.4 MB.

Unloading 14 unused Assets to reduce memory usage. Loaded Objects now: 2006.
Total: 1.969700 ms (FindLiveObjects: 0.173000 ms CreateObjectMapping: 0.041700 ms MarkObjects: 1.698200 ms  DeleteObjects: 0.055700 ms)

========================================================================
Received Import Request.
  Time since last request: 84.820598 seconds.
  path: Assets/Scripts/CoinScript.cs
  artifactKey: Guid(dbea2aa00fd9db742a7db270c1d82523) Importer(815301076,1909f56bfc062723c751e8b465ee728b)
Start importing Assets/Scripts/CoinScript.cs using Guid(dbea2aa00fd9db742a7db270c1d82523) Importer(815301076,1909f56bfc062723c751e8b465ee728b)  -> (artifact id: 'b6a8ec512955481e6ae97f0d27cd98ad') in 0.003683 seconds
  Import took 0.030255 seconds .

========================================================================
Received Import Request.
  Time since last request: 10.140687 seconds.
  path: Assets/PreFab/Coin.prefab
  artifactKey: Guid(bcfbbfaf115c7fc409088f7da89c398d) Importer(815301076,1909f56bfc062723c751e8b465ee728b)
Start importing Assets/PreFab/Coin.prefab using Guid(bcfbbfaf115c7fc409088f7da89c398d) Importer(815301076,1909f56bfc062723c751e8b465ee728b)  -> (artifact id: 'b2070c6b71fe2339f9f5612ff3fd27ee') in 0.061382 seconds
  Import took 0.063823 seconds .

========================================================================
Received Prepare
Registering precompiled user dll's ...
Registered in 0.002867 seconds.
Begin MonoManager ReloadAssembly
Native extension for WindowsStandalone target not found
Native extension for WebGL target not found
Refreshing native plugins compatible for Editor in 0.30 ms, found 2 plugins.
Preloading 0 native plugins for Editor in 0.00 ms.
Mono: successfully reloaded assembly
- Completed reload, in  0.924 seconds
Platform modules already initialized, skipping
Refreshing native plugins compatible for Editor in 0.63 ms, found 2 plugins.
Preloading 0 native plugins for Editor in 0.00 ms.
Unloading 1386 Unused Serialized files (Serialized files now loaded: 0)
System memory in use before: 68.3 MB.
System memory in use after: 68.4 MB.

Unloading 15 unused Assets to reduce memory usage. Loaded Objects now: 2010.
Total: 2.123000 ms (FindLiveObjects: 0.182300 ms CreateObjectMapping: 0.042700 ms MarkObjects: 1.838400 ms  DeleteObjects: 0.058700 ms)

========================================================================
Received Import Request.
  Time since last request: 3368.006109 seconds.
  path: Assets/PreFab/Coin.prefab
  artifactKey: Guid(bcfbbfaf115c7fc409088f7da89c398d) Importer(815301076,1909f56bfc062723c751e8b465ee728b)
Start importing Assets/PreFab/Coin.prefab using Guid(bcfbbfaf115c7fc409088f7da89c398d) Importer(815301076,1909f56bfc062723c751e8b465ee728b)  -> (artifact id: '0df56ad6851ceff3075f2d745bf7ff9e') in 1.854242 seconds
  Import took 1.947517 seconds .

========================================================================
Received Import Request.
  Time since last request: 3.076257 seconds.
  path: Assets/Scenes/SampleScene.unity
  artifactKey: Guid(9fc0d4010bbf28b4594072e72b8655ab) Importer(815301076,1909f56bfc062723c751e8b465ee728b)
Start importing Assets/Scenes/SampleScene.unity using Guid(9fc0d4010bbf28b4594072e72b8655ab) Importer(815301076,1909f56bfc062723c751e8b465ee728b)  -> (artifact id: 'a8a6f355692ae88554d8b0cd59b8475c') in 0.008302 seconds
  Import took 0.051865 seconds .

AssetImportWorkerClient::OnTransportError - code=2 error=End of file
